TN:
SF:lib/app_router.dart
FNF:0
FNH:0
DA:19,2
DA:20,1
DA:22,3
DA:23,1
DA:25,1
DA:26,1
DA:29,2
DA:31,1
DA:34,2
DA:36,1
DA:39,1
DA:40,1
DA:41,1
DA:43,1
DA:46,1
DA:47,1
DA:48,1
DA:52,1
DA:55,1
DA:56,1
DA:57,1
DA:62,1
LF:22
LH:22
end_of_record
TN:
SF:lib/core/model/NotificationModel.dart
FNF:0
FNH:0
DA:16,1
DA:22,2
DA:23,2
DA:24,2
DA:25,2
DA:26,2
DA:27,2
DA:28,2
DA:29,2
DA:30,2
DA:31,2
DA:32,4
DA:33,1
LF:13
LH:13
end_of_record
TN:
SF:lib/core/model/doctor_model.dart
FNF:0
FNH:0
DA:11,10
DA:17,10
DA:25,3
DA:26,3
DA:27,3
DA:28,3
DA:30,1
DA:31,1
DA:32,1
DA:33,1
DA:34,1
DA:35,1
DA:36,1
LF:13
LH:13
end_of_record
TN:
SF:lib/core/model/marker_indices.dart
FNF:0
FNH:0
DA:2,4
DA:3,1
DA:8,1
DA:9,1
DA:12,1
DA:13,1
DA:16,1
DA:17,1
DA:20,1
DA:21,1
LF:10
LH:10
end_of_record
TN:
SF:lib/core/model/mother_model.dart
FNF:0
FNH:0
DA:16,2
DA:18,2
DA:19,4
DA:20,4
DA:21,6
DA:22,4
DA:23,4
DA:24,4
DA:25,4
DA:26,4
DA:29,2
DA:31,2
DA:32,5
DA:33,5
LF:14
LH:14
end_of_record
TN:
SF:lib/core/model/organization_model.dart
FNF:0
FNH:0
DA:8,4
DA:14,1
DA:15,1
DA:16,1
LF:4
LH:4
end_of_record
TN:
SF:lib/core/model/test_model.dart
FNF:0
FNH:0
DA:59,6
DA:103,0
DA:151,2
DA:152,2
DA:153,2
DA:154,2
DA:155,2
DA:156,2
DA:157,2
DA:158,2
DA:159,2
DA:160,2
DA:161,2
DA:162,2
DA:163,2
DA:164,2
DA:165,2
DA:166,2
DA:167,2
DA:168,2
DA:169,2
DA:170,2
DA:171,2
DA:172,2
DA:173,2
DA:174,2
DA:175,2
DA:176,2
DA:177,2
DA:178,2
DA:179,2
DA:180,2
DA:181,2
DA:182,2
DA:183,2
DA:184,2
DA:185,2
DA:186,2
DA:187,2
DA:188,2
DA:189,2
DA:190,2
DA:191,2
DA:192,2
DA:193,2
DA:194,2
DA:195,2
DA:196,2
DA:197,2
DA:198,2
DA:199,2
DA:200,2
DA:201,2
DA:202,2
DA:203,2
DA:204,2
DA:205,4
DA:206,2
DA:207,2
DA:211,2
DA:212,3
DA:213,1
DA:216,2
DA:221,1
DA:222,1
DA:228,1
DA:229,1
DA:235,1
DA:236,1
DA:242,1
DA:243,1
DA:249,1
DA:250,1
DA:256,1
DA:257,1
DA:263,1
DA:264,1
DA:270,1
DA:271,1
DA:277,1
DA:278,1
DA:284,1
DA:285,1
DA:291,1
DA:292,1
DA:298,1
DA:299,1
DA:305,2
DA:306,2
DA:312,1
DA:313,1
DA:319,0
DA:320,0
DA:326,1
DA:327,1
DA:333,0
DA:334,0
DA:340,1
DA:341,1
DA:347,1
DA:348,1
DA:349,1
DA:350,1
DA:351,1
DA:352,1
DA:353,1
DA:354,1
DA:355,1
DA:356,1
DA:357,1
DA:358,1
DA:359,1
DA:360,1
DA:361,1
DA:362,1
DA:363,1
DA:364,1
DA:365,1
DA:366,1
DA:367,1
DA:368,1
DA:369,1
DA:370,1
DA:371,1
DA:372,1
DA:373,1
DA:374,1
DA:375,1
DA:376,1
DA:377,1
DA:378,1
DA:379,1
DA:380,1
DA:382,1
DA:383,2
DA:384,1
DA:388,1
DA:390,1
DA:391,3
DA:392,3
DA:393,3
DA:394,3
DA:395,3
DA:396,3
DA:397,3
DA:398,3
DA:399,3
DA:400,3
DA:401,3
DA:402,3
DA:403,3
DA:404,3
DA:405,3
DA:406,3
DA:407,3
DA:408,3
DA:409,3
DA:410,3
DA:411,3
DA:412,3
DA:413,3
DA:414,3
DA:415,3
DA:416,3
DA:417,3
DA:418,3
DA:419,3
DA:420,3
DA:421,3
DA:422,3
DA:423,3
DA:424,3
DA:425,3
DA:426,3
DA:427,3
DA:428,3
DA:429,3
DA:430,3
DA:431,3
DA:432,3
LF:180
LH:175
end_of_record
TN:
SF:lib/core/model/user_model.dart
FNF:0
FNH:0
DA:42,11
DA:82,8
DA:84,5
DA:85,5
DA:86,5
DA:87,5
DA:88,5
DA:89,5
DA:90,5
DA:91,5
DA:92,5
DA:93,5
DA:94,10
DA:95,1
DA:97,5
DA:98,10
DA:99,10
DA:100,5
DA:101,5
DA:102,5
DA:103,5
DA:104,5
DA:105,5
DA:106,5
DA:107,5
DA:108,5
DA:109,5
DA:110,5
DA:111,5
DA:112,5
DA:113,5
DA:114,5
DA:115,5
DA:116,5
DA:117,5
DA:118,5
DA:119,10
DA:120,2
DA:121,5
DA:122,5
DA:123,5
DA:124,5
DA:125,5
DA:127,5
DA:129,2
DA:130,2
DA:132,2
DA:133,2
DA:141,5
DA:142,5
DA:143,5
DA:144,5
DA:145,5
DA:146,5
DA:147,5
DA:148,5
DA:149,5
DA:150,5
DA:151,5
DA:152,6
DA:153,5
DA:154,14
DA:155,14
DA:156,5
DA:157,6
DA:158,5
DA:159,5
DA:160,5
DA:161,5
DA:162,5
DA:163,5
DA:164,5
DA:165,5
DA:166,5
DA:167,5
DA:168,5
DA:169,6
DA:170,5
DA:171,5
DA:172,5
DA:173,5
DA:174,5
DA:175,5
DA:176,5
DA:177,5
DA:178,5
DA:179,5
DA:183,1
DA:184,1
DA:185,1
DA:186,1
DA:187,1
DA:188,1
DA:189,1
DA:190,1
DA:191,1
DA:192,1
DA:193,1
DA:194,2
DA:195,0
DA:197,1
DA:198,2
DA:199,2
DA:200,1
DA:201,1
DA:202,1
DA:203,1
DA:204,1
DA:205,1
DA:206,1
DA:207,1
DA:208,1
DA:209,1
DA:210,1
DA:211,1
DA:212,1
DA:213,1
DA:214,1
DA:215,1
DA:216,1
DA:217,1
DA:218,1
DA:219,2
DA:220,0
DA:221,1
DA:222,1
DA:223,1
DA:224,1
DA:225,1
LF:129
LH:127
end_of_record
TN:
SF:lib/core/network/appwrite_config.dart
FNF:0
FNH:0
DA:7,1
DA:8,1
DA:9,1
DA:10,1
DA:12,2
LF:5
LH:5
end_of_record
TN:
SF:lib/core/services/appwrite_api.dart
FNF:0
FNH:0
DA:12,1
DA:18,1
DA:19,2
DA:20,1
DA:21,1
DA:23,1
DA:26,1
DA:27,1
DA:28,1
DA:29,1
DA:30,1
DA:31,1
DA:32,1
DA:33,1
DA:34,1
DA:37,1
DA:38,3
DA:41,1
DA:42,4
DA:43,1
DA:44,1
DA:45,1
DA:46,1
DA:47,1
DA:48,1
DA:49,1
DA:50,1
DA:51,1
DA:54,1
DA:55,3
DA:58,1
DA:60,1
DA:61,1
DA:62,1
DA:63,1
DA:64,1
DA:65,1
DA:66,1
DA:67,1
DA:68,1
DA:71,1
DA:72,3
DA:75,1
DA:76,2
DA:77,1
DA:78,1
DA:83,1
DA:84,1
DA:85,1
DA:86,1
DA:87,1
DA:88,1
DA:89,1
DA:90,1
DA:93,1
DA:94,3
DA:97,1
DA:98,1
DA:99,1
DA:100,1
DA:101,1
DA:102,1
DA:103,1
DA:104,1
DA:107,1
DA:108,3
DA:111,1
DA:112,2
DA:113,1
DA:114,1
DA:119,1
DA:120,2
DA:121,1
DA:122,1
DA:123,1
DA:128,1
DA:129,2
DA:130,1
DA:131,1
DA:137,1
DA:138,1
DA:139,1
DA:140,1
DA:142,1
DA:143,1
DA:146,1
DA:147,3
DA:150,1
DA:151,2
DA:152,1
DA:154,1
DA:155,1
DA:156,1
DA:159,2
LF:94
LH:94
end_of_record
TN:
SF:lib/core/services/authentication.dart
FNF:0
FNH:0
DA:19,0
DA:23,0
DA:26,0
DA:30,1
DA:32,1
DA:35,2
DA:39,4
DA:40,1
DA:41,1
DA:42,3
DA:46,1
DA:48,1
DA:50,2
DA:55,4
DA:57,1
DA:58,3
DA:62,1
DA:65,2
DA:66,4
DA:68,1
DA:69,3
DA:73,1
DA:76,2
DA:77,2
DA:78,1
DA:79,3
LF:26
LH:23
end_of_record
TN:
SF:lib/core/services/notificationapi.dart
FNF:0
FNH:0
DA:11,3
DA:18,3
DA:19,6
DA:20,3
DA:21,3
DA:27,3
DA:28,6
DA:29,3
DA:30,3
DA:31,3
DA:32,3
DA:33,3
DA:34,3
DA:35,3
DA:41,3
DA:42,6
DA:43,3
DA:44,3
DA:50,3
DA:51,6
DA:52,3
DA:53,3
DA:59,3
DA:60,6
DA:61,3
DA:62,3
DA:63,3
DA:69,2
DA:70,4
DA:71,2
DA:72,2
DA:74,2
LF:32
LH:32
end_of_record
TN:
SF:lib/core/services/testapi.dart
FNF:0
FNH:0
DA:14,1
DA:21,1
DA:22,2
DA:23,1
DA:24,1
DA:26,1
DA:30,1
DA:31,2
DA:32,1
DA:33,1
DA:34,1
DA:35,1
DA:36,1
DA:39,1
DA:43,1
DA:45,2
DA:46,1
DA:48,1
DA:49,1
DA:50,1
DA:53,1
DA:57,1
DA:58,2
DA:59,1
DA:60,1
DA:61,1
DA:62,1
DA:63,1
DA:64,1
DA:67,1
DA:71,1
DA:73,2
DA:74,1
DA:76,1
DA:77,1
DA:78,1
DA:79,1
DA:80,1
DA:83,1
DA:87,1
DA:89,2
DA:90,1
DA:92,1
DA:93,1
DA:94,1
DA:95,1
DA:98,1
DA:102,1
DA:104,2
DA:105,1
DA:106,1
DA:107,1
DA:108,1
DA:109,1
DA:110,1
DA:113,1
DA:116,0
DA:117,0
DA:118,0
DA:119,0
DA:121,0
DA:122,0
DA:127,1
DA:129,2
DA:130,1
DA:131,1
DA:132,1
DA:133,1
DA:134,1
DA:135,1
DA:138,1
DA:142,1
DA:144,2
DA:145,1
DA:146,1
DA:147,1
DA:148,1
DA:149,1
DA:150,1
DA:153,1
DA:157,1
DA:158,2
DA:159,1
DA:160,1
DA:166,1
DA:167,2
DA:168,1
DA:169,1
DA:175,1
DA:176,2
DA:177,1
DA:178,1
DA:179,1
DA:185,0
DA:186,0
DA:187,0
DA:188,0
LF:97
LH:87
end_of_record
TN:
SF:lib/core/utils/date_format_utils.dart
FNF:0
FNH:0
DA:12,1
DA:13,1
DA:14,1
DA:16,2
DA:25,1
DA:26,1
DA:27,1
DA:29,2
DA:38,1
DA:39,1
DA:40,1
DA:42,2
DA:51,1
DA:52,1
DA:53,1
DA:55,4
DA:61,1
DA:62,1
DA:64,10
DA:70,1
DA:71,1
DA:72,2
DA:73,2
LF:23
LH:23
end_of_record
TN:
SF:lib/core/utils/preferences.dart
FNF:0
FNH:0
DA:7,3
DA:10,1
DA:12,1
DA:13,1
DA:16,1
DA:17,1
DA:27,1
DA:29,1
DA:34,3
DA:35,3
DA:37,3
DA:39,1
DA:40,1
DA:41,2
DA:44,1
DA:45,2
DA:48,1
DA:49,1
DA:52,3
DA:53,3
DA:55,3
DA:56,3
DA:58,3
DA:59,3
DA:61,3
DA:62,3
DA:64,3
DA:65,3
DA:67,3
DA:68,3
DA:70,3
DA:71,3
DA:73,3
DA:74,3
LF:34
LH:34
end_of_record
TN:
SF:lib/core/utils/utilities.dart
FNF:0
FNH:0
DA:7,2
DA:8,4
DA:11,1
DA:12,1
DA:13,4
DA:16,1
DA:17,1
DA:18,3
LF:8
LH:8
end_of_record
TN:
SF:lib/core/view_models/crud_view_model.dart
FNF:0
FNH:0
DA:20,1
DA:21,2
DA:22,3
DA:23,2
DA:24,1
DA:25,1
DA:29,1
DA:30,3
DA:31,0
DA:36,1
DA:38,3
DA:39,0
DA:44,1
DA:45,3
DA:46,0
DA:51,1
DA:53,3
DA:54,0
DA:59,1
DA:60,2
DA:61,2
DA:65,1
DA:66,3
DA:67,0
DA:72,1
DA:73,3
DA:74,0
DA:79,1
DA:80,2
DA:81,2
DA:85,1
DA:86,2
DA:90,1
DA:91,2
DA:95,1
DA:96,3
LF:36
LH:30
end_of_record
TN:
SF:lib/core/view_models/notification_crud_model.dart
FNF:0
FNH:0
DA:14,1
DA:15,2
DA:16,4
DA:17,3
DA:18,1
DA:19,1
DA:24,1
DA:25,2
DA:26,4
DA:27,3
DA:28,1
DA:29,1
DA:33,1
DA:34,2
DA:35,3
DA:39,1
DA:40,2
DA:44,1
DA:45,2
LF:19
LH:19
end_of_record
TN:
SF:lib/core/view_models/test_crud_model.dart
FNF:0
FNH:0
DA:20,1
DA:21,2
DA:22,6
DA:23,0
DA:27,1
DA:28,3
DA:29,0
DA:33,1
DA:34,3
DA:35,0
DA:39,1
DA:40,3
DA:41,0
DA:45,1
DA:47,1
DA:48,1
DA:49,1
DA:50,0
DA:54,1
DA:55,3
DA:56,0
DA:60,1
DA:61,3
DA:62,0
DA:65,1
DA:66,2
DA:67,2
DA:70,0
DA:71,0
DA:74,1
DA:75,2
DA:77,4
DA:78,0
DA:82,1
DA:83,2
DA:84,1
DA:85,2
DA:86,1
DA:90,1
DA:91,1
DA:92,1
DA:93,1
DA:94,0
DA:98,1
DA:99,1
DA:100,1
DA:101,1
DA:102,0
DA:106,1
DA:107,2
DA:108,3
DA:112,1
DA:113,2
DA:117,0
DA:118,0
LF:55
LH:41
end_of_record
TN:
SF:lib/ui/shared/constant.dart
FNF:0
FNH:0
DA:3,1
DA:4,3
DA:7,1
DA:8,3
DA:11,3
DA:12,3
DA:13,3
DA:14,9
DA:15,3
DA:16,3
DA:17,3
DA:18,3
DA:19,9
DA:20,9
DA:21,3
DA:22,3
LF:16
LH:16
end_of_record
TN:
SF:lib/ui/shared/customRadioBtn.dart
FNF:0
FNH:0
DA:4,2
DA:18,8
DA:60,2
DA:61,2
DA:72,2
DA:74,2
DA:76,4
DA:81,1
DA:82,1
DA:83,5
DA:84,1
DA:86,1
DA:87,4
DA:88,0
DA:89,2
DA:90,2
DA:91,2
DA:92,0
DA:93,0
DA:96,1
DA:97,2
DA:98,1
DA:99,2
DA:100,0
DA:101,0
DA:102,0
DA:103,0
DA:105,1
DA:106,1
DA:107,3
DA:110,2
DA:111,0
DA:112,0
DA:113,0
DA:114,0
DA:115,0
DA:118,0
DA:120,1
DA:121,3
DA:122,1
DA:123,4
DA:125,5
DA:133,1
DA:140,2
DA:141,2
DA:142,10
DA:143,2
DA:145,2
DA:146,8
DA:147,4
DA:148,4
DA:149,4
DA:150,4
DA:151,3
DA:152,2
DA:155,2
DA:156,4
DA:158,2
DA:159,2
DA:160,4
DA:161,3
DA:162,1
DA:163,3
DA:164,2
DA:166,2
DA:167,2
DA:168,6
DA:171,6
DA:172,12
DA:173,4
DA:174,2
DA:175,6
DA:177,1
DA:179,7
DA:181,2
DA:182,6
DA:183,2
DA:184,8
DA:186,10
DA:194,2
DA:199,2
DA:201,2
DA:202,4
DA:203,7
DA:205,2
DA:206,4
DA:207,1
DA:209,1
DA:211,2
DA:213,2
LF:90
LH:77
end_of_record
TN:
SF:lib/ui/shared/textWithIcon.dart
FNF:0
FNH:0
DA:10,2
DA:12,1
DA:14,1
DA:15,1
DA:16,1
DA:17,1
DA:18,1
DA:19,1
DA:20,3
DA:22,1
DA:23,1
DA:24,1
DA:25,1
LF:13
LH:13
end_of_record
TN:
SF:lib/ui/views/home.dart
FNF:0
FNH:0
DA:28,2
DA:33,2
DA:34,2
DA:49,1
DA:51,1
DA:52,1
DA:53,1
DA:54,1
DA:55,1
DA:56,1
DA:57,1
DA:69,1
DA:70,2
DA:71,1
DA:76,1
DA:77,1
DA:79,1
DA:81,0
DA:83,0
DA:86,2
DA:94,1
DA:96,1
DA:97,3
DA:98,1
DA:99,3
DA:100,1
DA:101,1
DA:102,1
DA:103,1
DA:106,0
DA:110,1
DA:112,3
DA:113,4
DA:114,5
DA:115,5
DA:116,1
DA:117,3
DA:118,3
DA:122,1
DA:123,3
DA:124,0
DA:126,1
DA:130,1
DA:131,1
DA:133,1
DA:134,0
DA:142,1
DA:143,3
DA:145,0
DA:148,0
DA:151,0
DA:152,0
DA:153,0
DA:156,0
DA:161,1
DA:162,2
DA:163,1
DA:168,1
DA:169,2
DA:170,1
DA:175,1
DA:176,2
DA:177,2
DA:181,0
DA:182,0
LF:65
LH:52
end_of_record
TN:
SF:lib/ui/views/initial_profile_update1.dart
FNF:0
FNH:0
DA:17,2
DA:19,2
DA:20,2
DA:31,1
DA:33,1
DA:34,1
DA:35,1
DA:36,1
DA:37,1
DA:38,1
DA:46,1
DA:47,1
DA:49,1
DA:51,1
DA:53,1
DA:54,1
DA:58,1
DA:62,1
DA:70,1
DA:71,1
DA:73,1
DA:75,1
DA:78,1
DA:85,1
DA:86,1
DA:88,1
DA:91,0
DA:92,0
DA:97,1
DA:98,1
DA:107,1
DA:112,1
DA:113,1
DA:116,1
DA:117,1
DA:120,1
DA:121,1
DA:124,1
DA:125,1
DA:134,1
DA:135,1
DA:137,1
DA:139,1
DA:141,1
DA:142,1
DA:149,1
DA:150,1
DA:151,4
DA:152,5
DA:153,5
DA:154,6
DA:155,3
DA:156,1
DA:158,4
DA:160,2
DA:163,3
DA:167,0
DA:169,3
DA:170,1
DA:179,1
DA:180,1
DA:181,1
DA:184,4
DA:185,1
LF:64
LH:61
end_of_record
TN:
SF:lib/ui/views/login_view.dart
FNF:0
FNH:0
DA:14,2
DA:16,2
DA:17,2
DA:20,3
DA:21,3
DA:22,3
DA:38,1
DA:39,2
DA:40,1
DA:41,0
DA:49,1
DA:50,4
DA:51,4
DA:52,2
DA:53,1
DA:54,1
DA:56,1
DA:59,0
DA:60,0
DA:61,0
DA:62,0
DA:63,0
DA:64,0
DA:65,0
DA:66,0
DA:67,0
DA:68,0
DA:69,0
DA:70,0
DA:71,0
DA:76,0
DA:77,0
DA:78,0
DA:79,0
DA:80,0
DA:83,0
DA:84,0
DA:85,0
DA:88,0
DA:89,0
DA:92,0
DA:93,0
DA:94,0
DA:95,0
DA:96,0
DA:98,0
DA:103,1
DA:104,2
DA:105,1
DA:111,1
DA:113,1
DA:114,1
DA:115,1
DA:116,1
DA:119,1
DA:121,1
DA:122,1
DA:123,1
DA:124,1
DA:125,1
DA:126,1
DA:134,1
DA:135,1
DA:149,1
DA:150,1
DA:152,1
DA:153,1
DA:154,1
DA:156,1
DA:158,1
DA:159,1
DA:160,1
DA:161,1
DA:162,1
DA:163,1
DA:164,1
DA:165,1
DA:174,1
DA:175,2
DA:176,0
DA:178,0
DA:179,0
DA:180,0
DA:190,1
DA:197,1
DA:198,1
DA:199,0
DA:200,1
DA:202,1
DA:204,1
DA:207,1
DA:215,1
DA:216,1
DA:218,1
DA:223,1
DA:231,2
DA:232,0
DA:233,0
DA:234,0
DA:235,0
DA:236,0
DA:243,1
DA:244,1
DA:246,1
DA:251,1
DA:252,1
DA:259,1
DA:260,1
DA:261,0
DA:262,0
DA:263,0
DA:264,0
DA:265,0
DA:266,0
DA:274,1
DA:275,1
DA:276,1
DA:277,1
DA:279,1
DA:283,1
DA:290,0
DA:292,0
DA:295,0
DA:296,0
DA:303,1
DA:304,1
DA:305,1
DA:306,2
DA:307,2
DA:310,1
DA:311,1
DA:316,1
DA:317,1
DA:319,1
DA:321,1
DA:322,1
DA:333,1
DA:334,1
DA:336,1
DA:338,1
DA:341,2
DA:344,1
DA:345,2
DA:353,0
DA:359,0
DA:360,0
DA:361,0
DA:362,0
DA:369,0
DA:377,0
DA:378,0
DA:383,0
DA:385,0
DA:388,0
DA:389,0
DA:390,0
DA:393,0
DA:394,0
DA:396,0
DA:397,0
DA:399,0
DA:400,0
LF:162
LH:93
end_of_record
TN:
SF:lib/ui/views/mother_test_list_view.dart
FNF:0
FNH:0
DA:12,2
DA:14,2
DA:15,2
DA:21,2
DA:28,2
DA:29,4
DA:31,1
DA:32,1
DA:34,1
DA:35,1
DA:36,2
DA:38,2
DA:49,1
DA:50,2
DA:52,2
DA:53,2
DA:56,1
DA:57,1
DA:58,1
DA:59,2
LF:20
LH:20
end_of_record
TN:
SF:lib/ui/views/mothers_details.dart
FNF:0
FNH:0
DA:12,1
DA:14,1
DA:15,1
DA:19,1
DA:21,3
DA:23,1
DA:24,1
DA:25,1
DA:26,1
DA:27,1
DA:34,1
DA:35,1
DA:38,2
DA:40,1
DA:41,3
DA:44,1
DA:46,2
DA:47,1
DA:50,1
DA:58,1
DA:59,1
DA:60,1
DA:62,1
DA:63,1
DA:64,5
DA:84,4
DA:95,1
DA:97,1
DA:98,2
DA:99,2
DA:100,1
DA:106,1
DA:111,4
LF:33
LH:33
end_of_record
TN:
SF:lib/ui/views/notificationView.dart
FNF:0
FNH:0
DA:10,1
DA:12,1
DA:14,1
DA:15,2
DA:17,1
DA:19,1
DA:21,1
DA:22,1
DA:23,1
DA:24,1
DA:25,1
DA:32,1
DA:33,1
DA:37,2
DA:39,1
DA:40,1
DA:46,1
DA:47,2
DA:53,2
LF:19
LH:19
end_of_record
TN:
SF:lib/ui/views/profile_view.dart
FNF:0
FNH:0
DA:27,2
DA:33,2
DA:34,2
DA:42,2
DA:44,2
DA:45,2
DA:46,2
DA:47,2
DA:48,2
DA:55,2
DA:56,2
DA:57,2
DA:58,2
DA:59,6
DA:75,2
DA:76,6
DA:82,2
DA:83,0
DA:84,0
DA:86,0
DA:87,0
DA:88,0
DA:89,0
DA:99,2
DA:101,2
DA:113,0
DA:114,0
DA:116,0
DA:117,0
DA:118,0
DA:119,0
DA:129,2
DA:131,2
DA:143,0
DA:144,0
DA:146,0
DA:147,0
DA:148,0
DA:151,2
DA:153,2
DA:165,0
DA:166,0
DA:168,0
DA:169,0
DA:174,2
DA:176,2
DA:189,0
DA:190,0
DA:194,2
DA:204,2
DA:206,2
DA:218,0
DA:220,0
DA:223,0
DA:224,0
DA:225,0
DA:226,0
DA:227,0
DA:231,2
DA:233,2
DA:245,0
DA:263,2
DA:265,2
DA:270,2
DA:272,4
DA:279,2
DA:289,2
DA:291,2
DA:303,2
DA:305,2
DA:307,2
DA:319,2
DA:331,0
DA:339,0
DA:341,0
DA:342,0
LF:76
LH:41
end_of_record
TN:
SF:lib/ui/views/search_view.dart
FNF:0
FNH:0
DA:19,2
DA:21,1
DA:22,1
DA:30,1
DA:32,1
DA:33,3
DA:34,2
DA:35,3
DA:40,1
DA:41,1
DA:42,2
DA:43,4
DA:46,1
DA:48,1
DA:49,1
DA:50,1
DA:51,1
DA:53,1
DA:55,1
DA:56,1
DA:57,1
DA:62,1
DA:64,1
DA:66,1
DA:68,1
DA:72,1
DA:74,1
DA:75,2
DA:76,2
DA:77,1
DA:83,1
DA:84,1
DA:85,2
DA:86,1
DA:87,3
DA:90,1
DA:91,1
DA:92,1
DA:93,1
DA:94,2
DA:105,1
DA:107,2
DA:108,2
DA:109,1
LF:44
LH:44
end_of_record
TN:
SF:lib/ui/widgets/all_test_card.dart
FNF:0
FNH:0
DA:23,1
DA:34,6
DA:35,1
DA:36,5
DA:38,0
DA:40,4
DA:41,4
DA:42,1
DA:43,5
DA:45,0
DA:48,7
DA:49,3
DA:51,4
DA:52,1
DA:53,0
DA:55,2
DA:59,1
DA:61,2
DA:63,3
DA:64,3
DA:66,0
DA:67,1
DA:68,1
DA:69,1
DA:70,1
DA:71,1
DA:76,0
DA:78,1
DA:79,1
DA:81,1
DA:83,1
DA:84,1
DA:86,1
DA:87,1
DA:88,1
DA:89,2
DA:90,1
DA:93,1
DA:95,1
DA:96,1
DA:98,1
DA:101,1
DA:113,1
DA:114,3
DA:115,1
DA:117,1
DA:120,1
DA:121,1
DA:122,1
DA:123,17
DA:124,1
DA:127,2
DA:128,0
DA:129,0
DA:130,0
DA:131,0
DA:132,0
DA:133,0
DA:137,0
DA:138,0
DA:141,0
DA:149,0
DA:150,0
DA:151,0
DA:152,0
DA:153,0
DA:154,0
DA:157,0
DA:158,0
DA:159,0
DA:161,0
DA:169,0
DA:170,0
DA:172,0
DA:173,0
DA:174,0
LF:76
LH:47
end_of_record
TN:
SF:lib/ui/widgets/custom_otp_field.dart
FNF:0
FNH:0
DA:19,3
DA:25,1
DA:26,1
DA:30,1
DA:31,1
DA:32,2
DA:39,1
DA:43,3
DA:49,1
DA:50,1
DA:51,1
DA:60,3
DA:66,1
DA:67,1
DA:81,2
DA:82,1
DA:83,1
DA:85,1
DA:86,1
DA:89,1
DA:90,1
DA:98,2
DA:99,1
DA:100,1
DA:107,2
DA:108,1
DA:113,2
DA:114,1
DA:115,1
DA:156,2
DA:195,1
DA:197,1
DA:212,1
DA:214,1
DA:215,4
DA:217,4
DA:218,2
DA:219,3
DA:221,4
DA:222,3
DA:223,3
DA:224,4
DA:225,3
DA:226,2
DA:227,5
DA:228,2
DA:229,5
DA:230,3
DA:232,4
DA:233,3
DA:234,3
DA:238,1
DA:239,5
DA:240,0
DA:242,5
DA:243,2
DA:247,1
DA:249,1
DA:250,2
DA:251,2
DA:254,2
DA:255,3
DA:256,1
DA:257,0
DA:258,1
DA:259,0
DA:262,2
DA:263,2
DA:264,2
DA:265,2
DA:266,2
DA:268,4
DA:270,1
DA:271,1
DA:272,4
DA:273,3
DA:276,1
DA:277,2
DA:278,2
DA:279,1
DA:282,2
DA:283,0
DA:288,0
DA:289,0
DA:290,0
DA:291,0
DA:296,1
DA:297,2
DA:300,2
DA:301,4
DA:302,7
DA:303,0
DA:307,4
DA:308,4
DA:309,8
DA:313,1
DA:315,4
DA:316,3
DA:317,1
DA:318,4
DA:319,4
DA:320,4
DA:322,4
DA:328,1
DA:330,2
DA:333,2
DA:335,3
DA:337,2
DA:338,4
DA:340,1
DA:343,1
DA:345,1
DA:346,1
DA:347,4
DA:348,1
DA:353,1
DA:354,2
DA:355,2
DA:356,1
DA:358,0
DA:359,0
DA:360,0
DA:361,0
DA:362,0
DA:365,0
DA:368,2
DA:372,1
DA:379,1
DA:380,1
DA:381,2
DA:382,1
DA:383,2
DA:385,1
DA:386,2
DA:387,2
DA:388,3
DA:389,2
DA:395,1
DA:413,2
DA:414,1
DA:419,1
DA:420,1
DA:421,1
DA:422,2
DA:423,1
DA:424,2
DA:425,1
DA:426,2
DA:427,2
DA:428,3
DA:429,2
DA:440,2
DA:441,1
DA:446,0
DA:447,0
DA:448,0
DA:450,0
DA:451,0
DA:452,0
DA:453,0
DA:455,0
DA:456,0
DA:459,0
DA:461,0
DA:462,0
DA:463,0
DA:467,1
DA:468,1
DA:469,4
DA:470,1
DA:472,1
DA:474,2
DA:476,2
DA:481,1
DA:485,2
DA:486,2
DA:487,3
DA:488,0
DA:489,0
DA:491,0
DA:492,0
DA:493,0
DA:494,0
DA:495,0
DA:496,0
DA:498,0
DA:499,0
DA:503,0
DA:504,0
DA:506,0
DA:507,0
DA:511,0
DA:512,0
DA:514,0
DA:515,0
DA:516,0
DA:519,2
DA:520,0
DA:521,0
DA:522,3
DA:523,2
DA:524,2
DA:526,2
DA:527,2
DA:530,2
DA:531,0
DA:534,0
DA:535,0
DA:538,2
DA:541,2
DA:542,2
DA:546,1
DA:547,1
DA:549,3
DA:550,3
DA:551,3
DA:553,4
DA:554,1
DA:555,3
DA:556,3
DA:558,3
DA:561,2
DA:563,1
DA:565,1
DA:566,2
DA:568,2
DA:569,2
DA:570,1
DA:572,1
DA:573,2
DA:574,1
DA:575,1
DA:576,1
DA:582,4
DA:589,1
DA:590,1
DA:591,0
DA:592,0
DA:595,1
DA:596,2
DA:597,1
DA:598,2
DA:599,2
DA:600,0
DA:603,1
DA:605,2
DA:606,2
DA:610,1
DA:612,4
DA:613,2
LF:250
LH:195
end_of_record
TN:
SF:lib/ui/widgets/graph_painter.dart
FNF:0
FNH:0
DA:111,1
DA:141,1
DA:143,2
DA:144,2
DA:146,3
DA:147,3
DA:149,3
DA:150,3
DA:151,3
DA:152,2
DA:154,2
DA:155,2
DA:156,3
DA:157,2
DA:158,2
DA:159,3
DA:160,2
DA:161,2
DA:162,3
DA:163,2
DA:164,1
DA:165,3
DA:166,2
DA:167,1
DA:168,3
DA:169,2
DA:170,1
DA:171,3
DA:172,2
DA:173,1
DA:174,3
DA:175,2
DA:176,1
DA:177,3
DA:178,2
DA:179,1
DA:180,3
DA:181,2
DA:182,1
DA:183,3
DA:186,2
DA:187,1
DA:188,3
DA:190,1
DA:192,1
DA:197,1
DA:199,3
DA:206,1
DA:207,2
DA:209,3
DA:210,2
DA:211,3
DA:213,3
DA:215,1
DA:216,4
DA:218,1
DA:219,4
DA:221,4
DA:222,5
DA:224,2
DA:225,9
DA:227,5
DA:229,3
DA:230,7
DA:232,5
DA:234,4
DA:235,7
DA:237,3
DA:238,8
DA:240,4
DA:242,3
DA:246,1
DA:247,1
DA:248,1
DA:250,1
DA:251,1
DA:254,4
DA:255,4
DA:256,4
DA:258,1
DA:259,1
DA:260,1
DA:262,1
DA:263,3
DA:264,1
DA:265,3
DA:266,1
DA:267,3
DA:279,1
DA:280,3
DA:281,1
DA:282,1
DA:283,2
DA:284,1
DA:285,1
DA:286,1
DA:293,1
DA:298,1
DA:299,1
DA:300,8
DA:301,3
DA:302,4
DA:303,2
DA:306,7
DA:307,7
DA:309,3
DA:310,7
DA:311,7
DA:313,1
DA:314,1
DA:315,8
DA:316,9
DA:317,1
DA:318,4
DA:319,4
DA:326,1
DA:327,6
DA:328,8
DA:329,2
DA:332,1
DA:333,6
DA:334,6
DA:335,1
DA:341,1
DA:343,4
DA:344,6
DA:345,4
DA:346,6
DA:351,3
DA:352,2
DA:353,1
DA:354,6
DA:355,8
DA:356,1
DA:358,1
DA:359,6
DA:360,3
DA:361,7
DA:363,1
DA:364,9
DA:365,4
DA:366,7
DA:367,1
DA:369,1
DA:370,6
DA:371,8
DA:372,1
DA:374,1
DA:375,9
DA:376,4
DA:377,7
DA:378,1
DA:384,1
DA:386,2
DA:387,1
DA:388,7
DA:389,7
DA:390,1
DA:393,3
DA:394,7
DA:395,7
DA:398,1
DA:399,9
DA:400,1
DA:401,8
DA:402,1
DA:405,6
DA:406,1
DA:407,6
DA:408,6
DA:409,1
DA:415,1
DA:417,4
DA:418,6
DA:419,4
DA:420,6
DA:425,3
DA:426,2
DA:427,1
DA:428,6
DA:429,8
DA:430,1
DA:432,1
DA:433,5
DA:434,3
DA:435,7
DA:437,1
DA:438,1
DA:439,8
DA:440,4
DA:441,7
DA:442,1
DA:444,1
DA:445,6
DA:446,8
DA:447,1
DA:448,1
DA:449,1
DA:450,8
DA:451,4
DA:452,7
DA:453,1
DA:460,1
DA:461,1
DA:468,1
DA:469,8
DA:471,1
DA:476,1
DA:477,2
DA:479,1
DA:480,1
DA:481,1
DA:482,1
DA:483,1
DA:484,3
DA:491,1
DA:492,2
DA:497,1
DA:498,0
DA:505,0
DA:506,0
DA:508,0
DA:513,0
DA:514,0
DA:516,0
DA:517,0
DA:518,0
DA:519,0
DA:520,0
DA:521,0
DA:528,0
DA:529,0
DA:534,1
DA:536,2
DA:537,1
DA:541,3
DA:542,3
DA:543,1
DA:544,1
DA:545,2
DA:546,4
DA:547,2
DA:548,1
DA:549,4
DA:550,4
DA:551,4
DA:552,7
DA:553,1
DA:554,1
DA:555,4
DA:556,4
DA:557,6
DA:558,7
DA:559,1
DA:581,1
DA:583,2
DA:584,1
DA:588,3
DA:589,3
DA:590,1
DA:591,1
DA:592,2
DA:593,4
DA:594,2
DA:595,1
DA:596,4
DA:597,5
DA:598,4
DA:599,4
DA:600,1
DA:601,1
DA:602,4
DA:603,5
DA:604,1
DA:605,2
DA:606,2
DA:607,2
DA:608,1
DA:609,4
DA:610,1
DA:611,1
DA:612,4
DA:613,6
DA:614,1
DA:615,2
DA:616,2
DA:617,2
DA:618,1
DA:619,4
DA:620,1
DA:642,1
DA:643,5
DA:650,1
DA:651,1
DA:652,4
DA:654,9
DA:655,1
DA:657,3
DA:662,1
DA:663,4
DA:665,1
DA:673,1
DA:674,3
DA:682,1
DA:684,1
DA:690,3
DA:691,3
DA:692,3
DA:696,3
DA:697,1
DA:747,1
DA:748,3
DA:749,5
DA:756,1
DA:757,3
DA:758,5
DA:764,1
DA:765,3
DA:766,1
DA:767,4
DA:775,1
DA:776,1
DA:777,1
DA:778,4
DA:786,1
DA:787,1
DA:788,7
DA:789,1
DA:791,1
DA:793,4
DA:795,5
LF:331
LH:317
end_of_record
TN:
SF:lib/ui/widgets/interpretation_dialog.dart
FNF:0
FNH:0
DA:16,1
DA:18,1
DA:19,1
DA:29,1
DA:31,3
DA:32,4
DA:35,1
DA:37,1
DA:38,1
DA:39,1
DA:43,1
DA:50,1
DA:51,2
DA:52,1
DA:53,1
DA:56,1
DA:57,1
DA:58,1
DA:65,2
DA:66,1
DA:67,3
DA:68,1
DA:69,1
DA:71,2
DA:73,1
DA:74,1
DA:75,1
DA:76,1
DA:80,1
DA:81,1
DA:82,1
DA:83,2
DA:84,1
DA:89,1
DA:95,2
DA:96,2
DA:99,1
DA:100,1
DA:101,1
DA:102,1
DA:106,1
DA:107,3
DA:108,1
DA:110,1
DA:111,1
DA:112,1
DA:114,2
DA:116,1
DA:118,1
DA:119,1
DA:121,1
DA:122,1
DA:123,1
DA:128,1
DA:129,5
DA:130,2
DA:132,1
DA:133,1
DA:134,1
DA:136,1
DA:137,1
DA:138,1
DA:143,1
DA:144,5
DA:145,2
DA:224,1
DA:225,2
DA:228,2
DA:229,1
LF:69
LH:69
end_of_record
TN:
SF:lib/ui/widgets/mother_card.dart
FNF:0
FNH:0
DA:10,2
DA:12,1
DA:13,1
DA:14,2
DA:15,2
DA:16,1
DA:19,2
DA:21,4
DA:22,2
DA:24,1
DA:26,1
DA:28,1
DA:31,1
DA:33,1
DA:35,1
DA:36,1
DA:38,1
DA:40,1
DA:41,1
DA:42,1
DA:43,1
DA:46,1
DA:49,1
DA:51,1
DA:54,1
DA:62,1
DA:63,2
DA:64,1
DA:66,1
DA:70,1
DA:72,1
DA:74,2
DA:75,1
DA:76,2
DA:77,1
DA:78,1
DA:79,1
DA:80,1
DA:84,1
DA:85,3
DA:88,0
DA:89,0
DA:91,0
DA:92,0
LF:44
LH:40
end_of_record
TN:
SF:lib/ui/widgets/scan_widget.dart
FNF:0
FNH:0
DA:13,2
DA:15,2
DA:16,2
DA:30,1
DA:31,2
DA:32,1
DA:34,3
DA:37,2
DA:39,2
DA:40,2
DA:44,2
DA:47,2
DA:48,0
DA:51,0
DA:53,0
DA:54,0
DA:58,2
DA:60,2
DA:62,2
DA:63,0
DA:64,0
DA:67,2
DA:68,2
DA:69,2
DA:70,6
DA:71,6
DA:72,2
DA:73,2
DA:74,2
DA:75,2
DA:77,2
DA:78,0
DA:79,0
DA:80,0
DA:82,0
DA:86,2
DA:88,2
DA:92,2
DA:93,2
DA:94,0
DA:95,0
DA:97,0
DA:99,0
DA:100,0
DA:102,0
DA:106,2
DA:107,2
DA:108,2
DA:109,2
DA:113,2
DA:115,2
DA:118,2
DA:119,2
DA:120,2
DA:121,4
DA:127,2
DA:132,2
DA:133,1
DA:134,1
DA:136,2
DA:138,2
DA:140,6
LF:62
LH:46
end_of_record
TN:
SF:lib/ui/widgets/test_card.dart
FNF:0
FNH:0
DA:23,2
DA:25,8
DA:26,1
DA:27,5
DA:29,2
DA:32,4
DA:33,3
DA:34,4
DA:36,4
DA:37,1
DA:38,2
DA:40,2
DA:44,1
DA:46,0
DA:47,0
DA:48,1
DA:49,1
DA:50,1
DA:51,2
DA:53,0
DA:54,0
DA:55,0
DA:57,0
DA:58,0
DA:59,0
DA:60,1
DA:61,0
DA:63,0
DA:64,0
DA:67,1
DA:68,1
DA:69,1
DA:75,0
DA:76,0
DA:77,1
DA:80,2
DA:81,0
DA:83,0
DA:84,1
DA:92,0
DA:95,0
DA:96,0
DA:97,0
DA:103,0
DA:104,0
DA:105,0
DA:108,0
DA:110,0
DA:112,0
DA:113,0
DA:124,0
DA:125,0
DA:126,0
DA:128,0
DA:129,0
DA:130,0
DA:134,0
DA:135,0
DA:136,0
DA:142,0
DA:144,0
DA:146,0
DA:147,0
DA:148,0
DA:150,0
DA:151,0
DA:156,0
DA:158,0
DA:161,0
DA:168,0
DA:169,0
DA:173,0
DA:174,0
DA:175,0
DA:181,0
DA:183,0
DA:185,0
DA:186,0
DA:187,0
DA:189,0
DA:190,0
DA:195,0
DA:197,0
DA:200,0
DA:207,0
DA:208,0
DA:212,0
DA:213,0
DA:214,0
DA:220,0
DA:222,0
DA:224,0
DA:225,0
DA:226,0
DA:228,0
DA:229,0
DA:234,0
DA:236,0
DA:239,0
DA:246,0
DA:247,0
DA:251,0
DA:252,0
DA:253,0
DA:259,0
DA:261,0
DA:263,0
DA:264,0
DA:265,0
DA:267,0
DA:268,0
DA:273,0
DA:275,0
DA:278,0
DA:291,0
DA:293,0
DA:294,0
DA:295,0
DA:296,0
DA:297,0
DA:298,0
DA:299,0
DA:300,0
DA:306,0
DA:309,0
DA:310,0
DA:316,0
DA:317,0
DA:320,0
DA:330,0
DA:331,0
DA:332,0
DA:333,0
DA:334,0
DA:340,0
DA:343,0
DA:344,0
DA:349,0
DA:350,0
DA:351,0
DA:353,0
DA:354,0
DA:363,0
DA:367,0
DA:368,0
DA:374,0
DA:375,0
DA:378,0
DA:379,0
DA:380,0
DA:381,0
DA:384,0
DA:387,0
DA:389,0
DA:392,0
DA:405,0
DA:406,0
DA:408,0
DA:409,0
DA:410,0
LF:160
LH:24
end_of_record
TN:
SF:lib/ui/widgets/update_org_dialog.dart
FNF:0
FNH:0
DA:11,1
DA:13,1
DA:15,1
DA:16,1
DA:17,1
DA:21,1
DA:28,1
DA:29,1
DA:30,1
DA:31,1
DA:32,1
DA:35,1
DA:36,1
DA:37,1
DA:44,1
DA:45,1
DA:46,1
DA:47,3
DA:48,1
DA:49,1
DA:51,1
DA:52,1
DA:55,1
DA:56,1
DA:57,1
DA:59,1
DA:66,1
DA:67,1
DA:68,1
DA:73,3
DA:74,1
DA:76,1
DA:77,1
DA:78,1
DA:80,1
DA:81,1
DA:84,1
DA:86,1
DA:87,1
DA:89,1
DA:90,1
DA:92,1
DA:94,1
DA:95,2
DA:96,2
DA:99,1
DA:101,1
DA:106,1
DA:108,1
DA:109,1
DA:111,1
DA:113,1
DA:114,3
DA:115,2
LF:54
LH:54
end_of_record
